2022-06-10 14:31:33.964 [clientInboundChannel-5] INFO  c.g.s.g.w.controller.WebsocketRequestContoller-[功能码:201]向WCS发送报文：[FF FF 00 2E 00 00 00 28 00 C9 00 01 00 00 00 02 00 00 00 03 00 00 00 04 00 00 00 05 00 00 00 06 00 00 00 07 00 00 00 08 00 00 00 09 00 00 ]
2022-06-10 22:12:13.711 [clientInboundChannel-5] INFO  c.g.s.g.w.controller.WebsocketRequestContoller-[功能码:201]向WCS发送报文：[FF FF 00 2E 00 00 00 28 00 C9 00 01 00 00 00 02 00 00 00 03 00 00 00 04 00 00 00 05 00 00 00 06 00 00 00 07 00 00 00 08 00 00 00 09 00 00 ]
2022-06-10 22:12:18.584 [clientInboundChannel-13] INFO  c.g.s.g.w.controller.WebsocketRequestContoller-[功能码:201]向WCS发送报文：[FF FF 00 2E 00 01 00 28 00 C9 00 01 00 00 00 02 00 00 00 03 00 00 00 04 00 00 00 05 00 00 00 06 00 00 00 07 00 00 00 08 00 00 00 09 00 00 ]
2022-06-10 22:46:35.231 [clientInboundChannel-7] INFO  c.g.s.g.w.controller.WebsocketRequestContoller-[功能码:201]向WCS发送报文：[FF FF 00 2E 00 00 00 28 00 C9 00 01 00 00 00 02 00 00 00 03 00 00 00 04 00 00 00 05 00 00 00 06 00 00 00 07 00 00 00 08 00 00 00 09 00 00 ]
2022-06-10 22:46:40.199 [clientInboundChannel-15] INFO  c.g.s.g.w.controller.WebsocketRequestContoller-[功能码:201]向WCS发送报文：[FF FF 00 2E 00 01 00 28 00 C9 00 01 00 00 00 02 00 00 00 03 00 00 00 04 00 00 00 05 00 00 00 06 00 00 00 07 00 00 00 08 00 00 00 09 00 00 ]
2022-06-10 22:46:45.189 [clientInboundChannel-16] INFO  c.g.s.g.w.controller.WebsocketRequestContoller-[功能码:201]向WCS发送报文：[FF FF 00 2E 00 02 00 28 00 C9 00 01 00 00 00 02 00 00 00 03 00 00 00 04 00 00 00 05 00 00 00 06 00 00 00 07 00 00 00 08 00 00 00 09 00 00 ]
2022-06-10 22:46:50.186 [clientInboundChannel-12] INFO  c.g.s.g.w.controller.WebsocketRequestContoller-[功能码:201]向WCS发送报文：[FF FF 00 2E 00 03 00 28 00 C9 00 01 00 00 00 02 00 00 00 03 00 00 00 04 00 00 00 05 00 00 00 06 00 00 00 07 00 00 00 08 00 00 00 09 00 00 ]
2022-06-10 22:46:55.197 [clientInboundChannel-13] INFO  c.g.s.g.w.controller.WebsocketRequestContoller-[功能码:201]向WCS发送报文：[FF FF 00 2E 00 04 00 28 00 C9 00 01 00 00 00 02 00 00 00 03 00 00 00 04 00 00 00 05 00 00 00 06 00 00 00 07 00 00 00 08 00 00 00 09 00 00 ]
2022-06-10 22:47:00.198 [clientInboundChannel-4] INFO  c.g.s.g.w.controller.WebsocketRequestContoller-[功能码:201]向WCS发送报文：[FF FF 00 2E 00 05 00 28 00 C9 00 01 00 00 00 02 00 00 00 03 00 00 00 04 00 00 00 05 00 00 00 06 00 00 00 07 00 00 00 08 00 00 00 09 00 00 ]
2022-06-10 22:47:05.196 [clientInboundChannel-10] INFO  c.g.s.g.w.controller.WebsocketRequestContoller-[功能码:201]向WCS发送报文：[FF FF 00 2E 00 06 00 28 00 C9 00 01 00 00 00 02 00 00 00 03 00 00 00 04 00 00 00 05 00 00 00 06 00 00 00 07 00 00 00 08 00 00 00 09 00 00 ]
2022-06-10 22:47:10.186 [clientInboundChannel-15] INFO  c.g.s.g.w.controller.WebsocketRequestContoller-[功能码:201]向WCS发送报文：[FF FF 00 2E 00 07 00 28 00 C9 00 01 00 00 00 02 00 00 00 03 00 00 00 04 00 00 00 05 00 00 00 06 00 00 00 07 00 00 00 08 00 00 00 09 00 00 ]
2022-06-10 22:47:15.198 [clientInboundChannel-8] INFO  c.g.s.g.w.controller.WebsocketRequestContoller-[功能码:201]向WCS发送报文：[FF FF 00 2E 00 08 00 28 00 C9 00 01 00 00 00 02 00 00 00 03 00 00 00 04 00 00 00 05 00 00 00 06 00 00 00 07 00 00 00 08 00 00 00 09 00 00 ]
2022-06-10 22:47:20.196 [clientInboundChannel-1] INFO  c.g.s.g.w.controller.WebsocketRequestContoller-[功能码:201]向WCS发送报文：[FF FF 00 2E 00 09 00 28 00 C9 00 01 00 00 00 02 00 00 00 03 00 00 00 04 00 00 00 05 00 00 00 06 00 00 00 07 00 00 00 08 00 00 00 09 00 00 ]
2022-06-10 22:47:25.192 [clientInboundChannel-16] INFO  c.g.s.g.w.controller.WebsocketRequestContoller-[功能码:201]向WCS发送报文：[FF FF 00 2E 00 0A 00 28 00 C9 00 01 00 00 00 02 00 00 00 03 00 00 00 04 00 00 00 05 00 00 00 06 00 00 00 07 00 00 00 08 00 00 00 09 00 00 ]
2022-06-10 22:47:30.189 [clientInboundChannel-11] INFO  c.g.s.g.w.controller.WebsocketRequestContoller-[功能码:201]向WCS发送报文：[FF FF 00 2E 00 0B 00 28 00 C9 00 01 00 00 00 02 00 00 00 03 00 00 00 04 00 00 00 05 00 00 00 06 00 00 00 07 00 00 00 08 00 00 00 09 00 00 ]
2022-06-10 22:47:35.188 [clientInboundChannel-13] INFO  c.g.s.g.w.controller.WebsocketRequestContoller-[功能码:201]向WCS发送报文：[FF FF 00 2E 00 0C 00 28 00 C9 00 01 00 00 00 02 00 00 00 03 00 00 00 04 00 00 00 05 00 00 00 06 00 00 00 07 00 00 00 08 00 00 00 09 00 00 ]
2022-06-10 22:47:40.188 [clientInboundChannel-5] INFO  c.g.s.g.w.controller.WebsocketRequestContoller-[功能码:201]向WCS发送报文：[FF FF 00 2E 00 0D 00 28 00 C9 00 01 00 00 00 02 00 00 00 03 00 00 00 04 00 00 00 05 00 00 00 06 00 00 00 07 00 00 00 08 00 00 00 09 00 00 ]
2022-06-10 22:47:45.192 [clientInboundChannel-14] INFO  c.g.s.g.w.controller.WebsocketRequestContoller-[功能码:201]向WCS发送报文：[FF FF 00 2E 00 0E 00 28 00 C9 00 01 00 00 00 02 00 00 00 03 00 00 00 04 00 00 00 05 00 00 00 06 00 00 00 07 00 00 00 08 00 00 00 09 00 00 ]
2022-06-10 22:47:50.192 [clientInboundChannel-9] INFO  c.g.s.g.w.controller.WebsocketRequestContoller-[功能码:201]向WCS发送报文：[FF FF 00 2E 00 0F 00 28 00 C9 00 01 00 00 00 02 00 00 00 03 00 00 00 04 00 00 00 05 00 00 00 06 00 00 00 07 00 00 00 08 00 00 00 09 00 00 ]
2022-06-10 22:47:55.188 [clientInboundChannel-7] INFO  c.g.s.g.w.controller.WebsocketRequestContoller-[功能码:201]向WCS发送报文：[FF FF 00 2E 00 10 00 28 00 C9 00 01 00 00 00 02 00 00 00 03 00 00 00 04 00 00 00 05 00 00 00 06 00 00 00 07 00 00 00 08 00 00 00 09 00 00 ]
2022-06-10 22:48:00.196 [clientInboundChannel-6] INFO  c.g.s.g.w.controller.WebsocketRequestContoller-[功能码:201]向WCS发送报文：[FF FF 00 2E 00 11 00 28 00 C9 00 01 00 00 00 02 00 00 00 03 00 00 00 04 00 00 00 05 00 00 00 06 00 00 00 07 00 00 00 08 00 00 00 09 00 00 ]
2022-06-10 22:48:05.194 [clientInboundChannel-3] INFO  c.g.s.g.w.controller.WebsocketRequestContoller-[功能码:201]向WCS发送报文：[FF FF 00 2E 00 12 00 28 00 C9 00 01 00 00 00 02 00 00 00 03 00 00 00 04 00 00 00 05 00 00 00 06 00 00 00 07 00 00 00 08 00 00 00 09 00 00 ]
2022-06-10 22:48:10.192 [clientInboundChannel-12] INFO  c.g.s.g.w.controller.WebsocketRequestContoller-[功能码:201]向WCS发送报文：[FF FF 00 2E 00 13 00 28 00 C9 00 01 00 00 00 02 00 00 00 03 00 00 00 04 00 00 00 05 00 00 00 06 00 00 00 07 00 00 00 08 00 00 00 09 00 00 ]
2022-06-10 22:48:15.187 [clientInboundChannel-2] INFO  c.g.s.g.w.controller.WebsocketRequestContoller-[功能码:201]向WCS发送报文：[FF FF 00 2E 00 14 00 28 00 C9 00 01 00 00 00 02 00 00 00 03 00 00 00 04 00 00 00 05 00 00 00 06 00 00 00 07 00 00 00 08 00 00 00 09 00 00 ]
2022-06-10 22:48:20.193 [clientInboundChannel-4] INFO  c.g.s.g.w.controller.WebsocketRequestContoller-[功能码:201]向WCS发送报文：[FF FF 00 2E 00 15 00 28 00 C9 00 01 00 00 00 02 00 00 00 03 00 00 00 04 00 00 00 05 00 00 00 06 00 00 00 07 00 00 00 08 00 00 00 09 00 00 ]
2022-06-10 22:50:28.980 [clientInboundChannel-5] INFO  c.g.s.g.w.controller.WebsocketRequestContoller-[功能码:201]向WCS发送报文：[FF FF 00 2E 00 00 00 28 00 C9 00 01 00 00 00 02 00 00 00 03 00 00 00 04 00 00 00 05 00 00 00 06 00 00 00 07 00 00 00 08 00 00 00 09 00 00 ]
2022-06-10 22:50:33.941 [clientInboundChannel-15] INFO  c.g.s.g.w.controller.WebsocketRequestContoller-[功能码:201]向WCS发送报文：[FF FF 00 2E 00 01 00 28 00 C9 00 01 00 00 00 02 00 00 00 03 00 00 00 04 00 00 00 05 00 00 00 06 00 00 00 07 00 00 00 08 00 00 00 09 00 00 ]
2022-06-10 22:51:54.488 [clientInboundChannel-13] INFO  c.g.s.g.w.controller.WebsocketRequestContoller-[功能码:201]向WCS发送报文：[FF FF 00 2E 00 02 00 28 00 C9 00 01 00 00 00 02 00 00 00 03 00 00 00 04 00 00 00 05 00 00 00 06 00 00 00 07 00 00 00 08 00 00 00 09 00 00 ]
2022-06-10 22:51:59.495 [clientInboundChannel-16] INFO  c.g.s.g.w.controller.WebsocketRequestContoller-[功能码:201]向WCS发送报文：[FF FF 00 2E 00 03 00 28 00 C9 00 01 00 00 00 02 00 00 00 03 00 00 00 04 00 00 00 05 00 00 00 06 00 00 00 07 00 00 00 08 00 00 00 09 00 00 ]
2022-06-10 22:52:04.495 [clientInboundChannel-17] INFO  c.g.s.g.w.controller.WebsocketRequestContoller-[功能码:201]向WCS发送报文：[FF FF 00 2E 00 04 00 28 00 C9 00 01 00 00 00 02 00 00 00 03 00 00 00 04 00 00 00 05 00 00 00 06 00 00 00 07 00 00 00 08 00 00 00 09 00 00 ]
2022-06-10 22:52:09.494 [clientInboundChannel-13] INFO  c.g.s.g.w.controller.WebsocketRequestContoller-[功能码:201]向WCS发送报文：[FF FF 00 2E 00 05 00 28 00 C9 00 01 00 00 00 02 00 00 00 03 00 00 00 04 00 00 00 05 00 00 00 06 00 00 00 07 00 00 00 08 00 00 00 09 00 00 ]
2022-06-10 22:52:14.498 [clientInboundChannel-16] INFO  c.g.s.g.w.controller.WebsocketRequestContoller-[功能码:201]向WCS发送报文：[FF FF 00 2E 00 06 00 28 00 C9 00 01 00 00 00 02 00 00 00 03 00 00 00 04 00 00 00 05 00 00 00 06 00 00 00 07 00 00 00 08 00 00 00 09 00 00 ]
2022-06-10 22:52:19.500 [clientInboundChannel-17] INFO  c.g.s.g.w.controller.WebsocketRequestContoller-[功能码:201]向WCS发送报文：[FF FF 00 2E 00 07 00 28 00 C9 00 01 00 00 00 02 00 00 00 03 00 00 00 04 00 00 00 05 00 00 00 06 00 00 00 07 00 00 00 08 00 00 00 09 00 00 ]
2022-06-10 22:52:24.494 [clientInboundChannel-13] INFO  c.g.s.g.w.controller.WebsocketRequestContoller-[功能码:201]向WCS发送报文：[FF FF 00 2E 00 08 00 28 00 C9 00 01 00 00 00 02 00 00 00 03 00 00 00 04 00 00 00 05 00 00 00 06 00 00 00 07 00 00 00 08 00 00 00 09 00 00 ]
2022-06-10 22:52:29.499 [clientInboundChannel-16] INFO  c.g.s.g.w.controller.WebsocketRequestContoller-[功能码:201]向WCS发送报文：[FF FF 00 2E 00 09 00 28 00 C9 00 01 00 00 00 02 00 00 00 03 00 00 00 04 00 00 00 05 00 00 00 06 00 00 00 07 00 00 00 08 00 00 00 09 00 00 ]
2022-06-10 22:52:35.373 [clientInboundChannel-17] INFO  c.g.s.g.w.controller.WebsocketRequestContoller-[功能码:201]向WCS发送报文：[FF FF 00 2E 00 0A 00 28 00 C9 00 01 00 00 00 02 00 00 00 03 00 00 00 04 00 00 00 05 00 00 00 06 00 00 00 07 00 00 00 08 00 00 00 09 00 00 ]
2022-06-10 22:52:40.364 [clientInboundChannel-13] INFO  c.g.s.g.w.controller.WebsocketRequestContoller-[功能码:201]向WCS发送报文：[FF FF 00 2E 00 0B 00 28 00 C9 00 01 00 00 00 02 00 00 00 03 00 00 00 04 00 00 00 05 00 00 00 06 00 00 00 07 00 00 00 08 00 00 00 09 00 00 ]
2022-06-10 22:52:45.364 [clientInboundChannel-16] INFO  c.g.s.g.w.controller.WebsocketRequestContoller-[功能码:201]向WCS发送报文：[FF FF 00 2E 00 0C 00 28 00 C9 00 01 00 00 00 02 00 00 00 03 00 00 00 04 00 00 00 05 00 00 00 06 00 00 00 07 00 00 00 08 00 00 00 09 00 00 ]
2022-06-10 22:52:50.364 [clientInboundChannel-17] INFO  c.g.s.g.w.controller.WebsocketRequestContoller-[功能码:201]向WCS发送报文：[FF FF 00 2E 00 0D 00 28 00 C9 00 01 00 00 00 02 00 00 00 03 00 00 00 04 00 00 00 05 00 00 00 06 00 00 00 07 00 00 00 08 00 00 00 09 00 00 ]
2022-06-10 22:52:55.370 [clientInboundChannel-13] INFO  c.g.s.g.w.controller.WebsocketRequestContoller-[功能码:201]向WCS发送报文：[FF FF 00 2E 00 0E 00 28 00 C9 00 01 00 00 00 02 00 00 00 03 00 00 00 04 00 00 00 05 00 00 00 06 00 00 00 07 00 00 00 08 00 00 00 09 00 00 ]
2022-06-10 22:53:00.368 [clientInboundChannel-16] INFO  c.g.s.g.w.controller.WebsocketRequestContoller-[功能码:201]向WCS发送报文：[FF FF 00 2E 00 0F 00 28 00 C9 00 01 00 00 00 02 00 00 00 03 00 00 00 04 00 00 00 05 00 00 00 06 00 00 00 07 00 00 00 08 00 00 00 09 00 00 ]
2022-06-10 22:53:05.369 [clientInboundChannel-17] INFO  c.g.s.g.w.controller.WebsocketRequestContoller-[功能码:201]向WCS发送报文：[FF FF 00 2E 00 10 00 28 00 C9 00 01 00 00 00 02 00 00 00 03 00 00 00 04 00 00 00 05 00 00 00 06 00 00 00 07 00 00 00 08 00 00 00 09 00 00 ]
2022-06-10 22:53:10.363 [clientInboundChannel-13] INFO  c.g.s.g.w.controller.WebsocketRequestContoller-[功能码:201]向WCS发送报文：[FF FF 00 2E 00 11 00 28 00 C9 00 01 00 00 00 02 00 00 00 03 00 00 00 04 00 00 00 05 00 00 00 06 00 00 00 07 00 00 00 08 00 00 00 09 00 00 ]
2022-06-10 22:53:15.364 [clientInboundChannel-16] INFO  c.g.s.g.w.controller.WebsocketRequestContoller-[功能码:201]向WCS发送报文：[FF FF 00 2E 00 12 00 28 00 C9 00 01 00 00 00 02 00 00 00 03 00 00 00 04 00 00 00 05 00 00 00 06 00 00 00 07 00 00 00 08 00 00 00 09 00 00 ]
2022-06-10 22:53:20.373 [clientInboundChannel-17] INFO  c.g.s.g.w.controller.WebsocketRequestContoller-[功能码:201]向WCS发送报文：[FF FF 00 2E 00 13 00 28 00 C9 00 01 00 00 00 02 00 00 00 03 00 00 00 04 00 00 00 05 00 00 00 06 00 00 00 07 00 00 00 08 00 00 00 09 00 00 ]
2022-06-10 22:53:25.429 [clientInboundChannel-13] INFO  c.g.s.g.w.controller.WebsocketRequestContoller-[功能码:201]向WCS发送报文：[FF FF 00 2E 00 14 00 28 00 C9 00 01 00 00 00 02 00 00 00 03 00 00 00 04 00 00 00 05 00 00 00 06 00 00 00 07 00 00 00 08 00 00 00 09 00 00 ]
2022-06-10 22:53:30.367 [clientInboundChannel-15] INFO  c.g.s.g.w.controller.WebsocketRequestContoller-[功能码:201]向WCS发送报文：[FF FF 00 2E 00 15 00 28 00 C9 00 01 00 00 00 02 00 00 00 03 00 00 00 04 00 00 00 05 00 00 00 06 00 00 00 07 00 00 00 08 00 00 00 09 00 00 ]
2022-06-10 22:53:35.374 [clientInboundChannel-17] INFO  c.g.s.g.w.controller.WebsocketRequestContoller-[功能码:201]向WCS发送报文：[FF FF 00 2E 00 16 00 28 00 C9 00 01 00 00 00 02 00 00 00 03 00 00 00 04 00 00 00 05 00 00 00 06 00 00 00 07 00 00 00 08 00 00 00 09 00 00 ]
2022-06-10 22:53:40.367 [clientInboundChannel-14] INFO  c.g.s.g.w.controller.WebsocketRequestContoller-[功能码:201]向WCS发送报文：[FF FF 00 2E 00 17 00 28 00 C9 00 01 00 00 00 02 00 00 00 03 00 00 00 04 00 00 00 05 00 00 00 06 00 00 00 07 00 00 00 08 00 00 00 09 00 00 ]
2022-06-10 22:53:45.361 [clientInboundChannel-15] INFO  c.g.s.g.w.controller.WebsocketRequestContoller-[功能码:201]向WCS发送报文：[FF FF 00 2E 00 18 00 28 00 C9 00 01 00 00 00 02 00 00 00 03 00 00 00 04 00 00 00 05 00 00 00 06 00 00 00 07 00 00 00 08 00 00 00 09 00 00 ]
2022-06-10 22:53:50.374 [clientInboundChannel-17] INFO  c.g.s.g.w.controller.WebsocketRequestContoller-[功能码:201]向WCS发送报文：[FF FF 00 2E 00 19 00 28 00 C9 00 01 00 00 00 02 00 00 00 03 00 00 00 04 00 00 00 05 00 00 00 06 00 00 00 07 00 00 00 08 00 00 00 09 00 00 ]
2022-06-10 22:53:55.372 [clientInboundChannel-14] INFO  c.g.s.g.w.controller.WebsocketRequestContoller-[功能码:201]向WCS发送报文：[FF FF 00 2E 00 1A 00 28 00 C9 00 01 00 00 00 02 00 00 00 03 00 00 00 04 00 00 00 05 00 00 00 06 00 00 00 07 00 00 00 08 00 00 00 09 00 00 ]
2022-06-10 22:54:00.365 [clientInboundChannel-15] INFO  c.g.s.g.w.controller.WebsocketRequestContoller-[功能码:201]向WCS发送报文：[FF FF 00 2E 00 1B 00 28 00 C9 00 01 00 00 00 02 00 00 00 03 00 00 00 04 00 00 00 05 00 00 00 06 00 00 00 07 00 00 00 08 00 00 00 09 00 00 ]
2022-06-10 22:54:05.363 [clientInboundChannel-17] INFO  c.g.s.g.w.controller.WebsocketRequestContoller-[功能码:201]向WCS发送报文：[FF FF 00 2E 00 1C 00 28 00 C9 00 01 00 00 00 02 00 00 00 03 00 00 00 04 00 00 00 05 00 00 00 06 00 00 00 07 00 00 00 08 00 00 00 09 00 00 ]
2022-06-10 22:54:53.803 [clientInboundChannel-9] INFO  c.g.s.g.w.controller.WebsocketRequestContoller-[功能码:201]向WCS发送报文：[FF FF 00 2E 00 00 00 28 00 C9 00 01 00 00 00 02 00 00 00 03 00 00 00 04 00 00 00 05 00 00 00 06 00 00 00 07 00 00 00 08 00 00 00 09 00 00 ]
2022-06-10 22:54:58.762 [clientInboundChannel-13] INFO  c.g.s.g.w.controller.WebsocketRequestContoller-[功能码:201]向WCS发送报文：[FF FF 00 2E 00 01 00 28 00 C9 00 01 00 00 00 02 00 00 00 03 00 00 00 04 00 00 00 05 00 00 00 06 00 00 00 07 00 00 00 08 00 00 00 09 00 00 ]
2022-06-10 22:55:03.764 [clientInboundChannel-16] INFO  c.g.s.g.w.controller.WebsocketRequestContoller-[功能码:201]向WCS发送报文：[FF FF 00 2E 00 02 00 28 00 C9 00 01 00 00 00 02 00 00 00 03 00 00 00 04 00 00 00 05 00 00 00 06 00 00 00 07 00 00 00 08 00 00 00 09 00 00 ]
2022-06-10 22:55:08.768 [clientInboundChannel-12] INFO  c.g.s.g.w.controller.WebsocketRequestContoller-[功能码:201]向WCS发送报文：[FF FF 00 2E 00 03 00 28 00 C9 00 01 00 00 00 02 00 00 00 03 00 00 00 04 00 00 00 05 00 00 00 06 00 00 00 07 00 00 00 08 00 00 00 09 00 00 ]
2022-06-10 22:55:13.789 [clientInboundChannel-14] INFO  c.g.s.g.w.controller.WebsocketRequestContoller-[功能码:201]向WCS发送报文：[FF FF 00 2E 00 04 00 28 00 C9 00 01 00 00 00 02 00 00 00 03 00 00 00 04 00 00 00 05 00 00 00 06 00 00 00 07 00 00 00 08 00 00 00 09 00 00 ]
2022-06-10 22:55:18.759 [clientInboundChannel-5] INFO  c.g.s.g.w.controller.WebsocketRequestContoller-[功能码:201]向WCS发送报文：[FF FF 00 2E 00 05 00 28 00 C9 00 01 00 00 00 02 00 00 00 03 00 00 00 04 00 00 00 05 00 00 00 06 00 00 00 07 00 00 00 08 00 00 00 09 00 00 ]
2022-06-10 22:55:23.758 [clientInboundChannel-8] INFO  c.g.s.g.w.controller.WebsocketRequestContoller-[功能码:201]向WCS发送报文：[FF FF 00 2E 00 06 00 28 00 C9 00 01 00 00 00 02 00 00 00 03 00 00 00 04 00 00 00 05 00 00 00 06 00 00 00 07 00 00 00 08 00 00 00 09 00 00 ]
2022-06-10 22:55:28.767 [clientInboundChannel-6] INFO  c.g.s.g.w.controller.WebsocketRequestContoller-[功能码:201]向WCS发送报文：[FF FF 00 2E 00 07 00 28 00 C9 00 01 00 00 00 02 00 00 00 03 00 00 00 04 00 00 00 05 00 00 00 06 00 00 00 07 00 00 00 08 00 00 00 09 00 00 ]
2022-06-10 22:55:38.598 [clientInboundChannel-2] INFO  c.g.s.g.w.controller.WebsocketRequestContoller-[功能码:201]向WCS发送报文：[FF FF 00 2E 00 08 00 28 00 C9 00 01 00 00 00 02 00 00 00 03 00 00 00 04 00 00 00 05 00 00 00 06 00 00 00 07 00 00 00 08 00 00 00 09 00 00 ]
2022-06-10 22:55:38.757 [clientInboundChannel-1] INFO  c.g.s.g.w.controller.WebsocketRequestContoller-[功能码:201]向WCS发送报文：[FF FF 00 2E 00 09 00 28 00 C9 00 01 00 00 00 02 00 00 00 03 00 00 00 04 00 00 00 05 00 00 00 06 00 00 00 07 00 00 00 08 00 00 00 09 00 00 ]
2022-06-10 22:55:43.767 [clientInboundChannel-4] INFO  c.g.s.g.w.controller.WebsocketRequestContoller-[功能码:201]向WCS发送报文：[FF FF 00 2E 00 0A 00 28 00 C9 00 01 00 00 00 02 00 00 00 03 00 00 00 04 00 00 00 05 00 00 00 06 00 00 00 07 00 00 00 08 00 00 00 09 00 00 ]
2022-06-10 22:56:10.920 [clientInboundChannel-7] INFO  c.g.s.g.w.controller.WebsocketRequestContoller-[功能码:201]向WCS发送报文：[FF FF 00 2E 00 0B 00 28 00 C9 00 01 00 00 00 02 00 00 00 03 00 00 00 04 00 00 00 05 00 00 00 06 00 00 00 07 00 00 00 08 00 00 00 09 00 00 ]
2022-06-10 22:56:16.362 [clientInboundChannel-10] INFO  c.g.s.g.w.controller.WebsocketRequestContoller-[功能码:201]向WCS发送报文：[FF FF 00 2E 00 0C 00 28 00 C9 00 01 00 00 00 02 00 00 00 03 00 00 00 04 00 00 00 05 00 00 00 06 00 00 00 07 00 00 00 08 00 00 00 09 00 00 ]
